# JRE version: OpenJDK Runtime Environment (15.0.1+9) (build 15.0.1+9-18)
# Java VM: OpenJDK 64-Bit Server VM (15.0.1+9-18, mixed mode, tiered, compressed oops, g1 gc, windows-amd64)
GC Precious Log:
 CPUs: 8 total, 8 available
 Memory: 16275M
 Large Page Support: Disabled
 NUMA Support: Disabled
 Compressed Oops: Enabled (Zero based)
 Heap Region Size: 2M
 Heap Min Capacity: 8M
 Heap Initial Capacity: 256M
 Heap Max Capacity: 4070M
 Pre-touch: Disabled
 Parallel Workers: 8
 Concurrent Workers: 2
 Concurrent Refinement Workers: 8
 Periodic GC: Disabled
Heap:
 garbage-first heap   total 92160K, used 42599K [0x0000000701a00000, 0x0000000800000000)
  region size 2048K, 14 young (28672K), 3 survivors (6144K)
 Metaspace       used 44704K, capacity 45182K, committed 45308K, reserved 1089536K
  class space    used 4964K, capacity 5115K, committed 5196K, reserved 1048576K
GC Heap History (20 events):
Event: 3.573 GC heap before
{Heap before GC invocations=6 (full 0):
 garbage-first heap   total 55296K, used 35515K [0x0000000701a00000, 0x0000000800000000)
  region size 2048K, 13 young (26624K), 2 survivors (4096K)
 Metaspace       used 25949K, capacity 26188K, committed 26288K, reserved 1073152K
  class space    used 2713K, capacity 2788K, committed 2816K, reserved 1048576K
}
Event: 3.578 GC heap after
{Heap after GC invocations=7 (full 0):
 garbage-first heap   total 55296K, used 13243K [0x0000000701a00000, 0x0000000800000000)
  region size 2048K, 1 young (2048K), 1 survivors (2048K)
 Metaspace       used 25949K, capacity 26188K, committed 26288K, reserved 1073152K
  class space    used 2713K, capacity 2788K, committed 2816K, reserved 1048576K
}
Event: 4.095 GC heap before
{Heap before GC invocations=7 (full 0):
 garbage-first heap   total 55296K, used 33723K [0x0000000701a00000, 0x0000000800000000)
  region size 2048K, 12 young (24576K), 1 survivors (2048K)
 Metaspace       used 27319K, capacity 27640K, committed 27824K, reserved 1075200K
  class space    used 2864K, capacity 2953K, committed 3072K, reserved 1048576K
}
Event: 4.100 GC heap after
{Heap after GC invocations=8 (full 0):
 garbage-first heap   total 55296K, used 14278K [0x0000000701a00000, 0x0000000800000000)
  region size 2048K, 2 young (4096K), 2 survivors (4096K)
 Metaspace       used 27319K, capacity 27640K, committed 27824K, reserved 1075200K
  class space    used 2864K, capacity 2953K, committed 3072K, reserved 1048576K
}
Event: 4.613 GC heap before
{Heap before GC invocations=8 (full 0):
 garbage-first heap   total 55296K, used 34758K [0x0000000701a00000, 0x0000000800000000)
  region size 2048K, 13 young (26624K), 2 survivors (4096K)
 Metaspace       used 28761K, capacity 29055K, committed 29232K, reserved 1075200K
  class space    used 3053K, capacity 3140K, committed 3200K, reserved 1048576K
}
Event: 4.619 GC heap after
{Heap after GC invocations=9 (full 0):
 garbage-first heap   total 55296K, used 14886K [0x0000000701a00000, 0x0000000800000000)
  region size 2048K, 2 young (4096K), 2 survivors (4096K)
 Metaspace       used 28761K, capacity 29055K, committed 29232K, reserved 1075200K
  class space    used 3053K, capacity 3140K, committed 3200K, reserved 1048576K
}
Event: 5.040 GC heap before
{Heap before GC invocations=9 (full 0):
 garbage-first heap   total 55296K, used 37414K [0x0000000701a00000, 0x0000000800000000)
  region size 2048K, 13 young (26624K), 2 survivors (4096K)
 Metaspace       used 30604K, capacity 30908K, committed 31024K, reserved 1077248K
  class space    used 3270K, capacity 3372K, committed 3456K, reserved 1048576K
}
Event: 5.046 GC heap after
{Heap after GC invocations=10 (full 0):
 garbage-first heap   total 55296K, used 15212K [0x0000000701a00000, 0x0000000800000000)
  region size 2048K, 2 young (4096K), 2 survivors (4096K)
 Metaspace       used 30604K, capacity 30908K, committed 31024K, reserved 1077248K
  class space    used 3270K, capacity 3372K, committed 3456K, reserved 1048576K
}
Event: 5.634 GC heap before
{Heap before GC invocations=10 (full 0):
 garbage-first heap   total 55296K, used 39788K [0x0000000701a00000, 0x0000000800000000)
  region size 2048K, 14 young (28672K), 2 survivors (4096K)
 Metaspace       used 33070K, capacity 33418K, committed 33584K, reserved 1079296K
  class space    used 3619K, capacity 3710K, committed 3712K, reserved 1048576K
}
Event: 5.646 GC heap after
{Heap after GC invocations=11 (full 0):
 garbage-first heap   total 159744K, used 16983K [0x0000000701a00000, 0x0000000800000000)
  region size 2048K, 2 young (4096K), 2 survivors (4096K)
 Metaspace       used 33070K, capacity 33418K, committed 33584K, reserved 1079296K
  class space    used 3619K, capacity 3710K, committed 3712K, reserved 1048576K
}
Event: 6.128 GC heap before
{Heap before GC invocations=11 (full 0):
 garbage-first heap   total 159744K, used 35415K [0x0000000701a00000, 0x0000000800000000)
  region size 2048K, 12 young (24576K), 2 survivors (4096K)
 Metaspace       used 35300K, capacity 35607K, committed 35708K, reserved 1081344K
  class space    used 3853K, capacity 3970K, committed 4044K, reserved 1048576K
}
Event: 6.137 GC heap after
{Heap after GC invocations=12 (full 0):
 garbage-first heap   total 159744K, used 17936K [0x0000000701a00000, 0x0000000800000000)
  region size 2048K, 3 young (6144K), 3 survivors (6144K)
 Metaspace       used 35300K, capacity 35607K, committed 35708K, reserved 1081344K
  class space    used 3853K, capacity 3970K, committed 4044K, reserved 1048576K
}
Event: 6.302 GC heap before
{Heap before GC invocations=13 (full 0):
 garbage-first heap   total 75776K, used 54800K [0x0000000701a00000, 0x0000000800000000)
  region size 2048K, 22 young (45056K), 3 survivors (6144K)
 Metaspace       used 35639K, capacity 36025K, committed 36220K, reserved 1081344K
  class space    used 3883K, capacity 4004K, committed 4044K, reserved 1048576K
}
Event: 6.313 GC heap after
{Heap after GC invocations=14 (full 0):
 garbage-first heap   total 75776K, used 18561K [0x0000000701a00000, 0x0000000800000000)
  region size 2048K, 2 young (4096K), 2 survivors (4096K)
 Metaspace       used 35639K, capacity 36025K, committed 36220K, reserved 1081344K
  class space    used 3883K, capacity 4004K, committed 4044K, reserved 1048576K
}
Event: 6.772 GC heap before
{Heap before GC invocations=14 (full 0):
 garbage-first heap   total 75776K, used 57473K [0x0000000701a00000, 0x0000000800000000)
  region size 2048K, 22 young (45056K), 2 survivors (4096K)
 Metaspace       used 36778K, capacity 37181K, committed 37372K, reserved 1083392K
  class space    used 4015K, capacity 4133K, committed 4172K, reserved 1048576K
}
Event: 6.777 GC heap after
{Heap after GC invocations=15 (full 0):
 garbage-first heap   total 75776K, used 18643K [0x0000000701a00000, 0x0000000800000000)
  region size 2048K, 2 young (4096K), 2 survivors (4096K)
 Metaspace       used 36778K, capacity 37181K, committed 37372K, reserved 1083392K
  class space    used 4015K, capacity 4133K, committed 4172K, reserved 1048576K
}
Event: 7.246 GC heap before
{Heap before GC invocations=15 (full 0):
 garbage-first heap   total 75776K, used 57555K [0x0000000701a00000, 0x0000000800000000)
  region size 2048K, 22 young (45056K), 2 survivors (4096K)
 Metaspace       used 38486K, capacity 38879K, committed 39164K, reserved 1083392K
  class space    used 4191K, capacity 4305K, committed 4428K, reserved 1048576K
}
Event: 7.252 GC heap after
{Heap after GC invocations=16 (full 0):
 garbage-first heap   total 92160K, used 20187K [0x0000000701a00000, 0x0000000800000000)
  region size 2048K, 2 young (4096K), 2 survivors (4096K)
 Metaspace       used 38486K, capacity 38879K, committed 39164K, reserved 1083392K
  class space    used 4191K, capacity 4305K, committed 4428K, reserved 1048576K
}
Event: 8.360 GC heap before
{Heap before GC invocations=16 (full 0):
 garbage-first heap   total 92160K, used 71387K [0x0000000701a00000, 0x0000000800000000)
  region size 2048K, 27 young (55296K), 2 survivors (4096K)
 Metaspace       used 42336K, capacity 42743K, committed 43004K, reserved 1087488K
  class space    used 4684K, capacity 4816K, committed 4940K, reserved 1048576K
}
Event: 8.366 GC heap after
{Heap after GC invocations=17 (full 0):
 garbage-first heap   total 92160K, used 22119K [0x0000000701a00000, 0x0000000800000000)
  region size 2048K, 3 young (6144K), 3 survivors (6144K)
 Metaspace       used 42336K, capacity 42743K, committed 43004K, reserved 1087488K
  class space    used 4684K, capacity 4816K, committed 4940K, reserved 1048576K
}

