# JRE version: OpenJDK Runtime Environment (15.0.1+9) (build 15.0.1+9-18)
# Java VM: OpenJDK 64-Bit Server VM (15.0.1+9-18, mixed mode, tiered, compressed oops, g1 gc, windows-amd64)
GC Precious Log:
 CPUs: 8 total, 8 available
 Memory: 16275M
 Large Page Support: Disabled
 NUMA Support: Disabled
 Compressed Oops: Enabled (Zero based)
 Heap Region Size: 2M
 Heap Min Capacity: 8M
 Heap Initial Capacity: 256M
 Heap Max Capacity: 4070M
 Pre-touch: Disabled
 Parallel Workers: 8
 Concurrent Workers: 2
 Concurrent Refinement Workers: 8
 Periodic GC: Disabled
Heap:
 garbage-first heap   total 108544K, used 43159K [0x0000000701a00000, 0x0000000800000000)
  region size 2048K, 13 young (26624K), 2 survivors (4096K)
 Metaspace       used 67841K, capacity 68396K, committed 68684K, reserved 1110016K
  class space    used 8032K, capacity 8216K, committed 8268K, reserved 1048576K
GC Heap History (20 events):
Event: 5.146 GC heap before
{Heap before GC invocations=8 (full 0):
 garbage-first heap   total 59392K, used 42151K [0x0000000701a00000, 0x0000000800000000)
  region size 2048K, 17 young (34816K), 2 survivors (4096K)
 Metaspace       used 32318K, capacity 32783K, committed 32896K, reserved 1079296K
  class space    used 3528K, capacity 3650K, committed 3712K, reserved 1048576K
}
Event: 5.151 GC heap after
{Heap after GC invocations=9 (full 0):
 garbage-first heap   total 59392K, used 12883K [0x0000000701a00000, 0x0000000800000000)
  region size 2048K, 3 young (6144K), 3 survivors (6144K)
 Metaspace       used 32318K, capacity 32783K, committed 32896K, reserved 1079296K
  class space    used 3528K, capacity 3650K, committed 3712K, reserved 1048576K
}
Event: 5.634 GC heap before
{Heap before GC invocations=9 (full 0):
 garbage-first heap   total 59392K, used 39507K [0x0000000701a00000, 0x0000000800000000)
  region size 2048K, 17 young (34816K), 3 survivors (6144K)
 Metaspace       used 34478K, capacity 34940K, committed 35200K, reserved 1081344K
  class space    used 3767K, capacity 3878K, committed 3968K, reserved 1048576K
}
Event: 5.640 GC heap after
{Heap after GC invocations=10 (full 0):
 garbage-first heap   total 59392K, used 14027K [0x0000000701a00000, 0x0000000800000000)
  region size 2048K, 2 young (4096K), 2 survivors (4096K)
 Metaspace       used 34478K, capacity 34940K, committed 35200K, reserved 1081344K
  class space    used 3767K, capacity 3878K, committed 3968K, reserved 1048576K
}
Event: 5.726 GC heap before
{Heap before GC invocations=10 (full 0):
 garbage-first heap   total 59392K, used 42699K [0x0000000701a00000, 0x0000000800000000)
  region size 2048K, 17 young (34816K), 2 survivors (4096K)
 Metaspace       used 34510K, capacity 34940K, committed 35200K, reserved 1081344K
  class space    used 3767K, capacity 3878K, committed 3968K, reserved 1048576K
}
Event: 5.731 GC heap after
{Heap after GC invocations=11 (full 0):
 garbage-first heap   total 59392K, used 14001K [0x0000000701a00000, 0x0000000800000000)
  region size 2048K, 2 young (4096K), 2 survivors (4096K)
 Metaspace       used 34510K, capacity 34940K, committed 35200K, reserved 1081344K
  class space    used 3767K, capacity 3878K, committed 3968K, reserved 1048576K
}
Event: 5.900 GC heap before
{Heap before GC invocations=11 (full 0):
 garbage-first heap   total 59392K, used 42673K [0x0000000701a00000, 0x0000000800000000)
  region size 2048K, 17 young (34816K), 2 survivors (4096K)
 Metaspace       used 35222K, capacity 35550K, committed 35712K, reserved 1081344K
  class space    used 3829K, capacity 3912K, committed 3968K, reserved 1048576K
}
Event: 5.906 GC heap after
{Heap after GC invocations=12 (full 0):
 garbage-first heap   total 59392K, used 14307K [0x0000000701a00000, 0x0000000800000000)
  region size 2048K, 2 young (4096K), 2 survivors (4096K)
 Metaspace       used 35222K, capacity 35550K, committed 35712K, reserved 1081344K
  class space    used 3829K, capacity 3912K, committed 3968K, reserved 1048576K
}
Event: 6.176 GC heap before
{Heap before GC invocations=12 (full 0):
 garbage-first heap   total 59392K, used 28643K [0x0000000701a00000, 0x0000000800000000)
  region size 2048K, 11 young (22528K), 2 survivors (4096K)
 Metaspace       used 35438K, capacity 35774K, committed 35840K, reserved 1081344K
  class space    used 3845K, capacity 3944K, committed 3968K, reserved 1048576K
}
Event: 6.181 GC heap after
{Heap after GC invocations=13 (full 0):
 garbage-first heap   total 59392K, used 14314K [0x0000000701a00000, 0x0000000800000000)
  region size 2048K, 2 young (4096K), 2 survivors (4096K)
 Metaspace       used 35438K, capacity 35774K, committed 35840K, reserved 1081344K
  class space    used 3845K, capacity 3944K, committed 3968K, reserved 1048576K
}
Event: 6.331 GC heap before
{Heap before GC invocations=14 (full 0):
 garbage-first heap   total 59392K, used 42986K [0x0000000701a00000, 0x0000000800000000)
  region size 2048K, 17 young (34816K), 2 survivors (4096K)
 Metaspace       used 36078K, capacity 36545K, committed 36736K, reserved 1081344K
  class space    used 3931K, capacity 4073K, committed 4096K, reserved 1048576K
}
Event: 6.336 GC heap after
{Heap after GC invocations=15 (full 0):
 garbage-first heap   total 161792K, used 14598K [0x0000000701a00000, 0x0000000800000000)
  region size 2048K, 2 young (4096K), 2 survivors (4096K)
 Metaspace       used 36078K, capacity 36545K, committed 36736K, reserved 1081344K
  class space    used 3931K, capacity 4073K, committed 4096K, reserved 1048576K
}
Event: 8.053 GC heap before
{Heap before GC invocations=15 (full 0):
 garbage-first heap   total 161792K, used 104710K [0x0000000701a00000, 0x0000000800000000)
  region size 2048K, 47 young (96256K), 2 survivors (4096K)
 Metaspace       used 44117K, capacity 44590K, committed 44928K, reserved 1089536K
  class space    used 4962K, capacity 5123K, committed 5248K, reserved 1048576K
}
Event: 8.061 GC heap after
{Heap after GC invocations=16 (full 0):
 garbage-first heap   total 161792K, used 17290K [0x0000000701a00000, 0x0000000800000000)
  region size 2048K, 3 young (6144K), 3 survivors (6144K)
 Metaspace       used 44117K, capacity 44590K, committed 44928K, reserved 1089536K
  class space    used 4962K, capacity 5123K, committed 5248K, reserved 1048576K
}
Event: 9.922 GC heap before
{Heap before GC invocations=16 (full 0):
 garbage-first heap   total 161792K, used 107402K [0x0000000701a00000, 0x0000000800000000)
  region size 2048K, 47 young (96256K), 3 survivors (6144K)
 Metaspace       used 53541K, capacity 54022K, committed 54272K, reserved 1097728K
  class space    used 6204K, capacity 6372K, committed 6400K, reserved 1048576K
}
Event: 9.935 GC heap after
{Heap after GC invocations=17 (full 0):
 garbage-first heap   total 161792K, used 21636K [0x0000000701a00000, 0x0000000800000000)
  region size 2048K, 6 young (12288K), 6 survivors (12288K)
 Metaspace       used 53541K, capacity 54022K, committed 54272K, reserved 1097728K
  class space    used 6204K, capacity 6372K, committed 6400K, reserved 1048576K
}
Event: 11.044 GC heap before
{Heap before GC invocations=17 (full 0):
 garbage-first heap   total 161792K, used 74884K [0x0000000701a00000, 0x0000000800000000)
  region size 2048K, 33 young (67584K), 6 survivors (12288K)
 Metaspace       used 59596K, capacity 60099K, committed 60160K, reserved 1101824K
  class space    used 7076K, capacity 7286K, committed 7296K, reserved 1048576K
}
Event: 11.056 GC heap after
{Heap after GC invocations=18 (full 0):
 garbage-first heap   total 161792K, used 23022K [0x0000000701a00000, 0x0000000800000000)
  region size 2048K, 3 young (6144K), 3 survivors (6144K)
 Metaspace       used 59596K, capacity 60099K, committed 60160K, reserved 1101824K
  class space    used 7076K, capacity 7286K, committed 7296K, reserved 1048576K
}
Event: 84.306 GC heap before
{Heap before GC invocations=19 (full 0):
 garbage-first heap   total 90112K, used 70126K [0x0000000701a00000, 0x0000000800000000)
  region size 2048K, 26 young (53248K), 3 survivors (6144K)
 Metaspace       used 65063K, capacity 65612K, committed 65740K, reserved 1107968K
  class space    used 7680K, capacity 7864K, committed 7884K, reserved 1048576K
}
Event: 84.315 GC heap after
{Heap after GC invocations=20 (full 0):
 garbage-first heap   total 108544K, used 24727K [0x0000000701a00000, 0x0000000800000000)
  region size 2048K, 2 young (4096K), 2 survivors (4096K)
 Metaspace       used 65063K, capacity 65612K, committed 65740K, reserved 1107968K
  class space    used 7680K, capacity 7864K, committed 7884K, reserved 1048576K
}

