# JRE version: OpenJDK Runtime Environment (15.0.1+9) (build 15.0.1+9-18)
# Java VM: OpenJDK 64-Bit Server VM (15.0.1+9-18, mixed mode, tiered, compressed oops, g1 gc, windows-amd64)
GC Precious Log:
 CPUs: 8 total, 8 available
 Memory: 16275M
 Large Page Support: Disabled
 NUMA Support: Disabled
 Compressed Oops: Enabled (Zero based)
 Heap Region Size: 2M
 Heap Min Capacity: 8M
 Heap Initial Capacity: 256M
 Heap Max Capacity: 4070M
 Pre-touch: Disabled
 Parallel Workers: 8
 Concurrent Workers: 2
 Concurrent Refinement Workers: 8
 Periodic GC: Disabled
Heap:
 garbage-first heap   total 157696K, used 29960K [0x0000000701a00000, 0x0000000800000000)
  region size 2048K, 10 young (20480K), 3 survivors (6144K)
 Metaspace       used 41972K, capacity 42401K, committed 42576K, reserved 1087488K
  class space    used 4706K, capacity 4838K, committed 4944K, reserved 1048576K
GC Heap History (20 events):
Event: 2.027 GC heap before
{Heap before GC invocations=1 (full 0):
 garbage-first heap   total 262144K, used 28672K [0x0000000701a00000, 0x0000000800000000)
  region size 2048K, 12 young (24576K), 2 survivors (4096K)
 Metaspace       used 16045K, capacity 16248K, committed 16512K, reserved 1064960K
  class space    used 1488K, capacity 1553K, committed 1664K, reserved 1048576K
}
Event: 2.031 GC heap after
{Heap after GC invocations=2 (full 0):
 garbage-first heap   total 262144K, used 8690K [0x0000000701a00000, 0x0000000800000000)
  region size 2048K, 1 young (2048K), 1 survivors (2048K)
 Metaspace       used 16045K, capacity 16248K, committed 16512K, reserved 1064960K
  class space    used 1488K, capacity 1553K, committed 1664K, reserved 1048576K
}
Event: 2.676 GC heap before
{Heap before GC invocations=2 (full 0):
 garbage-first heap   total 262144K, used 49650K [0x0000000701a00000, 0x0000000800000000)
  region size 2048K, 22 young (45056K), 1 survivors (2048K)
 Metaspace       used 20969K, capacity 21172K, committed 21296K, reserved 1069056K
  class space    used 2104K, capacity 2168K, committed 2176K, reserved 1048576K
}
Event: 2.680 GC heap after
{Heap after GC invocations=3 (full 0):
 garbage-first heap   total 262144K, used 9826K [0x0000000701a00000, 0x0000000800000000)
  region size 2048K, 1 young (2048K), 1 survivors (2048K)
 Metaspace       used 20969K, capacity 21172K, committed 21296K, reserved 1069056K
  class space    used 2104K, capacity 2168K, committed 2176K, reserved 1048576K
}
Event: 3.064 GC heap before
{Heap before GC invocations=4 (full 0):
 garbage-first heap   total 49152K, used 48738K [0x0000000701a00000, 0x0000000800000000)
  region size 2048K, 20 young (40960K), 1 survivors (2048K)
 Metaspace       used 24835K, capacity 25064K, committed 25216K, reserved 1071104K
  class space    used 2576K, capacity 2651K, committed 2688K, reserved 1048576K
}
Event: 3.069 GC heap after
{Heap after GC invocations=5 (full 0):
 garbage-first heap   total 53248K, used 10517K [0x0000000701a00000, 0x0000000800000000)
  region size 2048K, 2 young (4096K), 2 survivors (4096K)
 Metaspace       used 24835K, capacity 25064K, committed 25216K, reserved 1071104K
  class space    used 2576K, capacity 2651K, committed 2688K, reserved 1048576K
}
Event: 3.546 GC heap before
{Heap before GC invocations=5 (full 0):
 garbage-first heap   total 53248K, used 33045K [0x0000000701a00000, 0x0000000800000000)
  region size 2048K, 13 young (26624K), 2 survivors (4096K)
 Metaspace       used 26639K, capacity 26869K, committed 27008K, reserved 1073152K
  class space    used 2804K, capacity 2888K, committed 2944K, reserved 1048576K
}
Event: 3.553 GC heap after
{Heap after GC invocations=6 (full 0):
 garbage-first heap   total 53248K, used 11399K [0x0000000701a00000, 0x0000000800000000)
  region size 2048K, 2 young (4096K), 2 survivors (4096K)
 Metaspace       used 26639K, capacity 26869K, committed 27008K, reserved 1073152K
  class space    used 2804K, capacity 2888K, committed 2944K, reserved 1048576K
}
Event: 4.113 GC heap before
{Heap before GC invocations=6 (full 0):
 garbage-first heap   total 53248K, used 33927K [0x0000000701a00000, 0x0000000800000000)
  region size 2048K, 13 young (26624K), 2 survivors (4096K)
 Metaspace       used 28130K, capacity 28481K, committed 28800K, reserved 1075200K
  class space    used 2976K, capacity 3077K, committed 3200K, reserved 1048576K
}
Event: 4.122 GC heap after
{Heap after GC invocations=7 (full 0):
 garbage-first heap   total 53248K, used 12011K [0x0000000701a00000, 0x0000000800000000)
  region size 2048K, 2 young (4096K), 2 survivors (4096K)
 Metaspace       used 28130K, capacity 28481K, committed 28800K, reserved 1075200K
  class space    used 2976K, capacity 3077K, committed 3200K, reserved 1048576K
}
Event: 4.608 GC heap before
{Heap before GC invocations=7 (full 0):
 garbage-first heap   total 53248K, used 36587K [0x0000000701a00000, 0x0000000800000000)
  region size 2048K, 14 young (28672K), 2 survivors (4096K)
 Metaspace       used 30307K, capacity 30627K, committed 30848K, reserved 1077248K
  class space    used 3244K, capacity 3342K, committed 3456K, reserved 1048576K
}
Event: 4.615 GC heap after
{Heap after GC invocations=8 (full 0):
 garbage-first heap   total 53248K, used 12902K [0x0000000701a00000, 0x0000000800000000)
  region size 2048K, 2 young (4096K), 2 survivors (4096K)
 Metaspace       used 30307K, capacity 30627K, committed 30848K, reserved 1077248K
  class space    used 3244K, capacity 3342K, committed 3456K, reserved 1048576K
}
Event: 5.180 GC heap before
{Heap before GC invocations=8 (full 0):
 garbage-first heap   total 53248K, used 35430K [0x0000000701a00000, 0x0000000800000000)
  region size 2048K, 13 young (26624K), 2 survivors (4096K)
 Metaspace       used 32875K, capacity 33181K, committed 33408K, reserved 1079296K
  class space    used 3595K, capacity 3677K, committed 3712K, reserved 1048576K
}
Event: 5.188 GC heap after
{Heap after GC invocations=9 (full 0):
 garbage-first heap   total 53248K, used 14189K [0x0000000701a00000, 0x0000000800000000)
  region size 2048K, 2 young (4096K), 2 survivors (4096K)
 Metaspace       used 32875K, capacity 33181K, committed 33408K, reserved 1079296K
  class space    used 3595K, capacity 3677K, committed 3712K, reserved 1048576K
}
Event: 5.503 GC heap before
{Heap before GC invocations=9 (full 0):
 garbage-first heap   total 53248K, used 36717K [0x0000000701a00000, 0x0000000800000000)
  region size 2048K, 14 young (28672K), 2 survivors (4096K)
 Metaspace       used 34554K, capacity 34912K, committed 35200K, reserved 1081344K
  class space    used 3749K, capacity 3871K, committed 3968K, reserved 1048576K
}
Event: 5.512 GC heap after
{Heap after GC invocations=10 (full 0):
 garbage-first heap   total 157696K, used 15295K [0x0000000701a00000, 0x0000000800000000)
  region size 2048K, 2 young (4096K), 2 survivors (4096K)
 Metaspace       used 34554K, capacity 34912K, committed 35200K, reserved 1081344K
  class space    used 3749K, capacity 3871K, committed 3968K, reserved 1048576K
}
Event: 5.839 GC heap before
{Heap before GC invocations=10 (full 0):
 garbage-first heap   total 157696K, used 54207K [0x0000000701a00000, 0x0000000800000000)
  region size 2048K, 23 young (47104K), 2 survivors (4096K)
 Metaspace       used 35635K, capacity 35939K, committed 36048K, reserved 1081344K
  class space    used 3872K, capacity 4000K, committed 4048K, reserved 1048576K
}
Event: 5.844 GC heap after
{Heap after GC invocations=11 (full 0):
 garbage-first heap   total 157696K, used 15313K [0x0000000701a00000, 0x0000000800000000)
  region size 2048K, 2 young (4096K), 2 survivors (4096K)
 Metaspace       used 35635K, capacity 35939K, committed 36048K, reserved 1081344K
  class space    used 3872K, capacity 4000K, committed 4048K, reserved 1048576K
}
Event: 7.049 GC heap before
{Heap before GC invocations=12 (full 0):
 garbage-first heap   total 157696K, used 103377K [0x0000000701a00000, 0x0000000800000000)
  region size 2048K, 46 young (94208K), 2 survivors (4096K)
 Metaspace       used 40619K, capacity 41057K, committed 41296K, reserved 1085440K
  class space    used 4463K, capacity 4582K, committed 4688K, reserved 1048576K
}
Event: 7.057 GC heap after
{Heap after GC invocations=13 (full 0):
 garbage-first heap   total 157696K, used 17672K [0x0000000701a00000, 0x0000000800000000)
  region size 2048K, 3 young (6144K), 3 survivors (6144K)
 Metaspace       used 40619K, capacity 41057K, committed 41296K, reserved 1085440K
  class space    used 4463K, capacity 4582K, committed 4688K, reserved 1048576K
}

